<?xml version="1.0" encoding="UTF-8"?>
<testsuite xmlns:xsi="http://www.w3.org/2001/XMLSchema-instance" xsi:noNamespaceSchemaLocation="https://maven.apache.org/surefire/maven-surefire-plugin/xsd/surefire-test-report-3.0.xsd" version="3.0" name="com.cart.ecom_proj.EcomProjApplicationTests" time="5.722" tests="1" errors="0" skipped="0" failures="0">
  <properties>
[...]
</properties>
  <testcase name="contextLoads" classname="com.cart.ecom_proj.EcomProjApplicationTests" time="0.507">
    <system-out><![CDATA[21:48:13.333 [main] INFO org.springframework.test.context.support.AnnotationConfigContextLoaderUtils -- Could not detect default configuration classes for test class [com.cart.ecom_proj.EcomProjApplicationTests]: EcomProjApplicationTests does not declare any static, non-private, non-final, nested classes annotated with @Configuration.
21:48:13.441 [main] INFO org.springframework.boot.test.context.SpringBootTestContextBootstrapper -- Found @SpringBootConfiguration com.cart.ecom_proj.EcomProjApplication for test class com.cart.ecom_proj.EcomProjApplicationTests
21:48:13.646 [main] INFO org.springframework.boot.devtools.restart.RestartApplicationListener -- Restart disabled due to context in which it is running

  .   ____          _            __ _ _
 /\\ / ___'_ __ _ _(_)_ __  __ _ \ \ \ \
( ( )\___ | '_ | '_| | '_ \/ _` | \ \ \ \
 \\/  ___)| |_)| | | | | || (_| |  ) ) ) )
  '  |____| .__|_| |_|_| |_\__, | / / / /
 =========|_|==============|___/=/_/_/_/

 :: Spring Boot ::                (v3.3.3)

2024-11-16T21:48:13.952+05:30  INFO 18768 --- [ecom-proj] [           main] c.c.ecom_proj.EcomProjApplicationTests   : Starting EcomProjApplicationTests using Java 21.0.3 with PID 18768 (started by varun in C:\Users\varun\Downloads\SpringBoot-Reactjs-Ecommerce-main\SpringBoot-Reactjs-Ecommerce-main\Ecommerce-Backend)
2024-11-16T21:48:13.953+05:30  INFO 18768 --- [ecom-proj] [           main] c.c.ecom_proj.EcomProjApplicationTests   : No active profile set, falling back to 1 default profile: "default"
2024-11-16T21:48:14.656+05:30  INFO 18768 --- [ecom-proj] [           main] .s.d.r.c.RepositoryConfigurationDelegate : Bootstrapping Spring Data JPA repositories in DEFAULT mode.
2024-11-16T21:48:14.718+05:30  INFO 18768 --- [ecom-proj] [           main] .s.d.r.c.RepositoryConfigurationDelegate : Finished Spring Data repository scanning in 50 ms. Found 1 JPA repository interface.
2024-11-16T21:48:15.176+05:30  INFO 18768 --- [ecom-proj] [           main] o.hibernate.jpa.internal.util.LogHelper  : HHH000204: Processing PersistenceUnitInfo [name: default]
2024-11-16T21:48:15.277+05:30  INFO 18768 --- [ecom-proj] [           main] org.hibernate.Version                    : HHH000412: Hibernate ORM core version 6.5.2.Final
2024-11-16T21:48:15.315+05:30  INFO 18768 --- [ecom-proj] [           main] o.h.c.internal.RegionFactoryInitiator    : HHH000026: Second-level cache disabled
2024-11-16T21:48:15.695+05:30  INFO 18768 --- [ecom-proj] [           main] o.s.o.j.p.SpringPersistenceUnitInfo      : No LoadTimeWeaver setup: ignoring JPA class transformer
2024-11-16T21:48:15.731+05:30  INFO 18768 --- [ecom-proj] [           main] com.zaxxer.hikari.HikariDataSource       : HikariPool-1 - Starting...
2024-11-16T21:48:15.940+05:30  INFO 18768 --- [ecom-proj] [           main] com.zaxxer.hikari.pool.HikariPool        : HikariPool-1 - Added connection conn0: url=jdbc:h2:mem:Ecommerce user=SA
2024-11-16T21:48:15.943+05:30  INFO 18768 --- [ecom-proj] [           main] com.zaxxer.hikari.HikariDataSource       : HikariPool-1 - Start completed.
2024-11-16T21:48:16.852+05:30  INFO 18768 --- [ecom-proj] [           main] o.h.e.t.j.p.i.JtaPlatformInitiator       : HHH000489: No JTA platform available (set 'hibernate.transaction.jta.platform' to enable JTA platform integration)
Hibernate: create table product (id integer generated by default as identity, brand varchar(255), category varchar(255), description varchar(255), image_date blob, image_name varchar(255), image_type varchar(255), name varchar(255), price numeric(38,2), product_available boolean not null, release_date timestamp(6), stock_quantity integer not null, primary key (id))
2024-11-16T21:48:16.909+05:30  INFO 18768 --- [ecom-proj] [           main] j.LocalContainerEntityManagerFactoryBean : Initialized JPA EntityManagerFactory for persistence unit 'default'
2024-11-16T21:48:17.197+05:30  INFO 18768 --- [ecom-proj] [           main] o.s.d.j.r.query.QueryEnhancerFactory     : Hibernate is in classpath; If applicable, HQL parser will be used.
2024-11-16T21:48:17.955+05:30  WARN 18768 --- [ecom-proj] [           main] JpaBaseConfiguration$JpaWebConfiguration : spring.jpa.open-in-view is enabled by default. Therefore, database queries may be performed during view rendering. Explicitly configure spring.jpa.open-in-view to disable this warning
2024-11-16T21:48:18.354+05:30  INFO 18768 --- [ecom-proj] [           main] c.c.ecom_proj.EcomProjApplicationTests   : Started EcomProjApplicationTests in 4.725 seconds (process running for 5.865)
]]></system-out>
    <system-err><![CDATA[WARNING: A Java agent has been loaded dynamically (C:\Users\varun\.m2\repository\net\bytebuddy\byte-buddy-agent\1.14.19\byte-buddy-agent-1.14.19.jar)
WARNING: If a serviceability tool is in use, please run with -XX:+EnableDynamicAgentLoading to hide this warning
WARNING: If a serviceability tool is not in use, please run with -Djdk.instrument.traceUsage for more information
WARNING: Dynamic loading of agents will be disallowed by default in a future release
]]></system-err>
  </testcase>
</testsuite>